Flutter crash report; please file at https://github.com/flutter/flutter/issues.

## command

flutter attach

## exception

ConcurrentModificationError: Concurrent modification during iteration: Instance(length:0) of '_GrowableList'.

```
#0      ListIterator.moveNext (dart:_internal/iterable.dart:340:7)
#1      _IOSSimulatorDevicePortForwarder.dispose (package:flutter_tools/src/ios/simulators.dart:814:32)
<asynchronous suspension>
#2      IOSSimulator.dispose (package:flutter_tools/src/ios/simulators.dart:547:27)
#3      HotRunner.cleanupAtFinish (package:flutter_tools/src/run_hot.dart:1113:34)
#4      ResidentRunner.waitForAppToFinish (package:flutter_tools/src/resident_runner.dart:983:11)
<asynchronous suspension>
#5      HotRunner.attach (package:flutter_tools/src/run_hot.dart:310:22)
<asynchronous suspension>
#6      AttachCommand._attachToDevice (package:flutter_tools/src/commands/attach.dart:318:31)
<asynchronous suspension>
#7      AttachCommand.runCommand.<anonymous closure> (package:flutter_tools/src/commands/attach.dart:177:19)
#8      AppContext.run.<anonymous closure> (package:flutter_tools/src/base/context.dart:150:29)
#9      _rootRun (dart:async/zone.dart:1126:13)
#10     _CustomZone.run (dart:async/zone.dart:1023:19)
#11     _runZoned (dart:async/zone.dart:1518:10)
#12     runZoned (dart:async/zone.dart:1465:12)
#13     AppContext.run (package:flutter_tools/src/base/context.dart:149:18)
#14     AttachCommand.runCommand (package:flutter_tools/src/commands/attach.dart:176:19)
<asynchronous suspension>
#15     FlutterCommand.verifyThenRunCommand (package:flutter_tools/src/runner/flutter_command.dart:626:18)
#16     _asyncThenWrapperHelper.<anonymous closure> (dart:async-patch/async_patch.dart:75:64)
#17     _rootRunUnary (dart:async/zone.dart:1134:38)
#18     _CustomZone.runUnary (dart:async/zone.dart:1031:19)
#19     _FutureListener.handleValue (dart:async/future_impl.dart:140:18)
#20     Future._propagateToListeners.handleValueCallback (dart:async/future_impl.dart:682:45)
#21     Future._propagateToListeners (dart:async/future_impl.dart:711:32)
#22     Future._completeWithValue (dart:async/future_impl.dart:526:5)
#23     Future._asyncComplete.<anonymous closure> (dart:async/future_impl.dart:556:7)
#24     _rootRun (dart:async/zone.dart:1126:13)
#25     _CustomZone.run (dart:async/zone.dart:1023:19)
#26     _CustomZone.runGuarded (dart:async/zone.dart:925:7)
#27     _CustomZone.bindCallbackGuarded.<anonymous closure> (dart:async/zone.dart:965:23)
#28     _microtaskLoop (dart:async/schedule_microtask.dart:43:21)
#29     _startMicrotaskLoop (dart:async/schedule_microtask.dart:52:5)
#30     _runPendingImmediateCallback (dart:isolate-patch/isolate_patch.dart:118:13)
#31     _RawReceivePortImpl._handleMessage (dart:isolate-patch/isolate_patch.dart:175:5)
```

## flutter doctor

```
[✓] Flutter (Channel master, v1.13.6-pre.44, on Mac OS X 10.15.2 19C57, locale en-NP)
    • Flutter version 1.13.6-pre.44 at /Users/Office/Public/flutter
    • Framework revision e768c92fbc (2 days ago), 2019-12-30 17:12:19 -0800
    • Engine revision bdc9708d23
    • Dart version 2.8.0 (build 2.8.0-dev.0.0 c547f5d933)

[✗] Android toolchain - develop for Android devices
    ✗ Unable to locate Android SDK.
      Install Android Studio from: https://developer.android.com/studio/index.html
      On first launch it will assist you in installing the Android SDK components.
      (or visit https://flutter.dev/setup/#android-setup for detailed instructions).
      If the Android SDK has been installed to a custom location, set ANDROID_HOME to that location.
      You may also want to add it to your PATH environment variable.


[✓] Xcode - develop for iOS and macOS (Xcode 11.3)
    • Xcode at /Applications/Xcode.app/Contents/Developer
    • Xcode 11.3, Build version 11C29
    • CocoaPods version 1.8.4

[!] Android Studio (not installed)
    • Android Studio not found; download from https://developer.android.com/studio/index.html
      (or visit https://flutter.dev/setup/#android-setup for detailed instructions).

[✓] VS Code (version 1.41.1)
    • VS Code at /Applications/Visual Studio Code.app/Contents
    • Flutter extension version 3.7.1

[✓] Connected device (1 available)
    • iPhone 11 • 9AF3BF91-FEB6-46DA-B3FF-C8C4E84CFFAF • ios • com.apple.CoreSimulator.SimRuntime.iOS-13-3
      (simulator)

! Doctor found issues in 2 categories.
```
